<?xml version="1.0" encoding="UTF-8"?>
<!-- Generated by org.testng.reporters.JUnitXMLReporter -->
<testsuite hostname="Nilam-KH" name="Login Test" tests="5" failures="0" timestamp="24 Apr 2017 03:12:16 GMT" time="20.253" errors="0">
  <testcase name="getLoginTest" time="3.688" classname="com.test.buildoffer.LoginTest"/>
  <testcase name="getLoginTest" time="2.463" classname="com.test.buildoffer.LoginTest"/>
  <testcase name="getLoginTest" time="2.538" classname="com.test.buildoffer.LoginTest"/>
  <testcase name="getLoginTest" time="2.413" classname="com.test.buildoffer.LoginTest"/>
  <testcase name="getLoginTest" time="2.45" classname="com.test.buildoffer.LoginTest"/>
</testsuite> <!-- Login Test -->
