<?xml version="1.0" encoding="UTF-8"?>
<testng-results skipped="0" failed="0" total="1" passed="1">
  <reporter-output>
  </reporter-output>
  <suite name="Command line suite" duration-ms="11" started-at="2017-04-18T07:12:07Z" finished-at="2017-04-18T07:12:07Z">
    <groups>
    </groups>
    <test name="Command line test" duration-ms="11" started-at="2017-04-18T07:12:07Z" finished-at="2017-04-18T07:12:07Z">
      <class name="com.test.java.AppTest">
        <test-method status="PASS" signature="testApp()[pri:0, instance:testApp(com.test.java.AppTest)]" name="testApp" duration-ms="1" started-at="2017-04-18T12:42:07Z" finished-at="2017-04-18T12:42:07Z">
          <reporter-output>
          </reporter-output>
        </test-method> <!-- testApp -->
      </class> <!-- com.test.java.AppTest -->
    </test> <!-- Command line test -->
  </suite> <!-- Command line suite -->
</testng-results>
