<?xml version="1.0" encoding="UTF-8"?>
<!-- Generated by org.testng.reporters.JUnitXMLReporter -->
<testsuite hostname="Nilam-KH" name="PricingLoginTest" tests="5" failures="0" timestamp="24 Apr 2017 03:19:17 GMT" time="19.196" errors="0">
  <testcase name="getLoginTest" time="3.52" classname="com.test.pricing.PricingLoginTest"/>
  <testcase name="getLoginTest" time="0.001" classname="com.test.pricing.PricingLoginTest">
    <skipped/>
  </testcase> <!-- getLoginTest -->
  <testcase name="getLoginTest" time="3.497" classname="com.test.pricing.PricingLoginTest"/>
  <testcase name="getLoginTest" time="3.341" classname="com.test.pricing.PricingLoginTest"/>
  <testcase name="getLoginTest" time="3.373" classname="com.test.pricing.PricingLoginTest"/>
</testsuite> <!-- PricingLoginTest -->
