<?xml version="1.0" encoding="UTF-8"?>
<!-- Generated by org.testng.reporters.JUnitXMLReporter -->
<testsuite hostname="Nilam-KH" name="Default test" tests="4" failures="0" timestamp="24 Apr 2017 03:43:43 GMT" time="94.352" errors="0">
  <testcase name="getPricingTest" time="29.684" classname="com.test.pricing.PricingPolicyDetailsTest"/>
  <testcase name="getPricingTest" time="34.968" classname="com.test.pricing.PricingPolicyDetailsTest"/>
  <testcase name="getPricingTest" time="11.671" classname="com.test.pricing.PricingPolicyDetailsTest"/>
  <testcase name="getPricingTest" time="11.546" classname="com.test.pricing.PricingPolicyDetailsTest"/>
</testsuite> <!-- Default test -->
