<?xml version="1.0" encoding="UTF-8"?>
<!-- Generated by org.testng.reporters.JUnitXMLReporter -->
<testsuite hostname="Nilam-KH" name="PricingPolicyDetailsTest" tests="4" failures="0" timestamp="24 Apr 2017 03:23:04 GMT" time="93.599" errors="0">
  <testcase name="getPricingTest" time="29.744" classname="com.test.pricing.PricingPolicyDetailsTest"/>
  <testcase name="getPricingTest" time="34.776" classname="com.test.pricing.PricingPolicyDetailsTest"/>
  <testcase name="getPricingTest" time="11.801" classname="com.test.pricing.PricingPolicyDetailsTest"/>
  <testcase name="getPricingTest" time="11.931" classname="com.test.pricing.PricingPolicyDetailsTest"/>
</testsuite> <!-- PricingPolicyDetailsTest -->
