<?xml version="1.0" encoding="UTF-8"?>
<!-- Generated by org.testng.reporters.JUnitXMLReporter -->
<testsuite hostname="Nilam-KH" name="Command line test" tests="5" failures="0" timestamp="18 Apr 2017 07:12:06 GMT" time="20.078" errors="0">
  <testcase name="getLoginTest" time="3.51" classname="com.test.buildoffer.LoginTest"/>
  <testcase name="getLoginTest" time="2.418" classname="com.test.buildoffer.LoginTest"/>
  <testcase name="getLoginTest" time="2.547" classname="com.test.buildoffer.LoginTest"/>
  <testcase name="getLoginTest" time="2.393" classname="com.test.buildoffer.LoginTest"/>
  <testcase name="getLoginTest" time="2.546" classname="com.test.buildoffer.LoginTest"/>
</testsuite> <!-- Command line test -->
