<?xml version="1.0" encoding="UTF-8"?>
<!-- Generated by org.testng.reporters.JUnitXMLReporter -->
<testsuite hostname="Nilam-KH" name="Build Offer3 Test" tests="2" failures="1" timestamp="24 Apr 2017 03:18:36 GMT" time="55.111" errors="0">
  <testcase name="getBuildOffer3Test" time="0.003" classname="com.test.buildoffer.ExecuteBuildOffer3">
    <skipped/>
  </testcase> <!-- getBuildOffer3Test -->
  <testcase name="getBuildOffer3Test" time="52.776" classname="com.test.buildoffer.ExecuteBuildOffer3">
    <failure type="java.lang.AssertionError" message="The following asserts failed:
	Error ! Please check in logs And Enter Numbers Only Not Match expected [Enter Numbers Only] but found [Error ! Please check in logs]">
      <![CDATA[java.lang.AssertionError: The following asserts failed:
	Error ! Please check in logs And Enter Numbers Only Not Match expected [Enter Numbers Only] but found [Error ! Please check in logs]
	at com.test.buildoffer.ExecuteBuildOffer3.getBuildOffer3Test(ExecuteBuildOffer3.java:182)
... Removed 26 stack frames]]>
    </failure>
  </testcase> <!-- getBuildOffer3Test -->
</testsuite> <!-- Build Offer3 Test -->
