<?xml version="1.0" encoding="UTF-8"?>
<!-- Generated by org.testng.reporters.JUnitXMLReporter -->
<testsuite hostname="Nilam-KH" name="Build Offer1 Test" tests="6" failures="0" timestamp="24 Apr 2017 03:15:53 GMT" time="200.554" errors="0">
  <testcase name="getBuildOffer1Test" time="32.183" classname="com.test.buildoffer.ExecuteBuildOffer1"/>
  <testcase name="getBuildOffer1Test" time="32.331" classname="com.test.buildoffer.ExecuteBuildOffer1"/>
  <testcase name="getBuildOffer1Test" time="32.67" classname="com.test.buildoffer.ExecuteBuildOffer1"/>
  <testcase name="getBuildOffer1Test" time="31.544" classname="com.test.buildoffer.ExecuteBuildOffer1"/>
  <testcase name="getBuildOffer1Test" time="31.542" classname="com.test.buildoffer.ExecuteBuildOffer1"/>
  <testcase name="getBuildOffer1Test" time="32.462" classname="com.test.buildoffer.ExecuteBuildOffer1"/>
</testsuite> <!-- Build Offer1 Test -->
